<?xml version="1.0" encoding="UTF-8"?>
<testsuite xmlns:xsi="http://www.w3.org/2001/XMLSchema-instance" xsi:noNamespaceSchemaLocation="https://maven.apache.org/surefire/maven-surefire-plugin/xsd/surefire-test-report-3.0.xsd" version="3.0" name="softdbmanager.DBManagerTest" time="1.601" tests="2" errors="0" skipped="0" failures="0">
  <properties>
[...]
</properties>
  <testcase name="testGetConnection" classname="softdbmanager.DBManagerTest" time="1.573">
    <system-out><![CDATA[getConnection
Consiguiendo Instancia
Tipo de Base de datos MySQL
Instancia conseguida
Consiguiendo conexion
Conexion obtenida
]]></system-out>
  </testcase>
  <testcase name="testGetInstance" classname="softdbmanager.DBManagerTest" time="0.002">
    <system-out><![CDATA[getInstance
]]></system-out>
  </testcase>
</testsuite>